#
# A fatal error has been detected by the Java Runtime Environment:
#
#  EXCEPTION_ACCESS_VIOLATION (0xc0000005) at pc=0x000000005d1d7aa8, pid=11600, tid=0x00000000000036cc
#
# JRE version: Java(TM) SE Runtime Environment (8.0_181-b13) (build 1.8.0_181-b13)
# Java VM: Java HotSpot(TM) 64-Bit Server VM (25.181-b13 mixed mode windows-amd64 compressed oops)
# Problematic frame:
# V  [jvm.dll+0xf7aa8]
#
# Failed to write core dump. Minidumps are not enabled by default on client versions of Windows
#
# If you would like to submit a bug report, please visit:
#   http://bugreport.java.com/bugreport/crash.jsp
#

---------------  T H R E A D  ---------------

Current thread (0x0000000015fd7000):  VMThread [stack: 0x0000000017070000,0x0000000017170000] [id=14028]

siginfo: ExceptionCode=0xc0000005, reading address 0x000000001facf0a0

Registers:
RAX=0x00000000001fffe0, RBX=0x000000000000ffff, RCX=0x000000001f8cdc08, RDX=0x000000001f8cf0b0
RSP=0x000000001716f1d0, RBP=0x000000001716f300, RSI=0x000000000000ffff, RDI=0x000000001f8cdc08
R8 =0x00000000026b4070, R9 =0x0000000000000003, R10=0x0000000000000003, R11=0x000000001f8ce2d9
R12=0x000000001716f390, R13=0x000000001716f380, R14=0x0000000000000000, R15=0x0000000000000002
RIP=0x000000005d1d7aa8, EFLAGS=0x0000000000010202

Top of Stack: (sp=0x000000001716f1d0)
0x000000001716f1d0:   00000000000000b4 000000001716f300
0x000000001716f1e0:   00000000000000b4 000000001716f3a0
0x000000001716f1f0:   0000000000000001 000000005d2b4fe0
0x000000001716f200:   00000000000000b4 00000000000000b4
0x000000001716f210:   0000000000000017 0000000000000012
0x000000001716f220:   0000000003303150 00000000033028f6
0x000000001716f230:   00000000033029f0 000000005d3e068e
0x000000001716f240:   000000000330314f 00007ff80000000a
0x000000001716f250:   000000001716f248 00007ff822010000
0x000000001716f260:   0000000003302a00 000000005d17198d
0x000000001716f270:   00008590596ecdc8 0000000003302a00
0x000000001716f280:   0000000000020338 000000001acc6230
0x000000001716f290:   00000000027d61a0 000000005d1720b4
0x000000001716f2a0:   0000000015fd63c0 000000005d17fbce
0x000000001716f2b0:   000000001acc72a8 000000001b3b7028
0x000000001716f2c0:   0000000015fd7000 000000001f8ce148 

Instructions: (pc=0x000000005d1d7aa8)
0x000000005d1d7a88:   00 ba d9 01 00 00 e8 2d f9 17 00 e8 08 06 1a 00
0x000000005d1d7a98:   48 8b 57 10 48 85 d2 74 0f 48 8b c3 48 c1 e0 05
0x000000005d1d7aa8:   48 8b 44 10 10 0f b7 d8 48 63 c3 0f b7 44 c7 50
0x000000005d1d7ab8:   48 8b 44 c7 50 48 89 44 24 30 f6 d0 48 8b 4c 24 


Register to memory mapping:

RAX=0x00000000001fffe0 is an unknown value
RBX=0x000000000000ffff is an unknown value
RCX=0x000000001f8cdc08 is pointing into metadata
RDX=0x000000001f8cf0b0 is pointing into metadata
RSP=0x000000001716f1d0 is an unknown value
RBP=0x000000001716f300 is an unknown value
RSI=0x000000000000ffff is an unknown value
RDI=0x000000001f8cdc08 is pointing into metadata
R8 =0x00000000026b4070 is an unknown value
R9 =0x0000000000000003 is an unknown value
R10=0x0000000000000003 is an unknown value
R11=0x000000001f8ce2d9 is pointing into metadata
R12=0x000000001716f390 is an unknown value
R13=0x000000001716f380 is an unknown value
R14=0x0000000000000000 is an unknown value
R15=0x0000000000000002 is an unknown value


Stack: [0x0000000017070000,0x0000000017170000],  sp=0x000000001716f1d0,  free space=1020k
Native frames: (J=compiled Java code, j=interpreted, Vv=VM code, C=native code)
V  [jvm.dll+0xf7aa8]
V  [jvm.dll+0x1d4fe0]
V  [jvm.dll+0x1d5f32]
V  [jvm.dll+0x1c38f4]
V  [jvm.dll+0x1c8a87]
V  [jvm.dll+0x1c8ffb]
V  [jvm.dll+0x24cc27]
V  [jvm.dll+0x24bec6]
V  [jvm.dll+0x24c361]
V  [jvm.dll+0x24c57e]
V  [jvm.dll+0x29e64a]
C  [msvcr100.dll+0x21d9f]
C  [msvcr100.dll+0x21e3b]
C  [KERNEL32.DLL+0x17bd4]
C  [ntdll.dll+0x6ce51]

VM_Operation (0x0000000017aaf600): RedefineClasses, mode: safepoint, requested by thread 0x0000000016021800, redefining class com.ray.bootweb.controller.ProductController



---------------  P R O C E S S  ---------------

Java Threads: ( => current thread )
  0x000000001ad18000 JavaThread "DestroyJavaVM" [_thread_blocked, id=1376, stack(0x0000000002490000,0x0000000002590000)]
  0x000000001ad17000 JavaThread "RMI TCP Connection(idle)" daemon [_thread_blocked, id=1480, stack(0x000000001fa90000,0x000000001fb90000)]
  0x000000001ad1b800 JavaThread "http-nio-8080-Acceptor" daemon [_thread_in_native, id=5036, stack(0x000000001f790000,0x000000001f890000)]
  0x000000001ad16800 JavaThread "http-nio-8080-ClientPoller" daemon [_thread_in_native, id=12644, stack(0x000000001f690000,0x000000001f790000)]
  0x000000001ad1c800 JavaThread "http-nio-8080-exec-10" daemon [_thread_blocked, id=12496, stack(0x000000001f590000,0x000000001f690000)]
  0x000000001ad1b000 JavaThread "http-nio-8080-exec-9" daemon [_thread_blocked, id=13952, stack(0x000000001f490000,0x000000001f590000)]
  0x000000001ad19800 JavaThread "http-nio-8080-exec-8" daemon [_thread_blocked, id=13940, stack(0x000000001f390000,0x000000001f490000)]
  0x000000001ad1a000 JavaThread "http-nio-8080-exec-7" daemon [_thread_blocked, id=2144, stack(0x000000001f290000,0x000000001f390000)]
  0x000000001ad0f000 JavaThread "http-nio-8080-exec-6" daemon [_thread_blocked, id=13056, stack(0x000000001f190000,0x000000001f290000)]
  0x000000001ad15800 JavaThread "http-nio-8080-exec-5" daemon [_thread_blocked, id=11840, stack(0x000000001f090000,0x000000001f190000)]
  0x000000001ad0e000 JavaThread "http-nio-8080-exec-4" daemon [_thread_blocked, id=224, stack(0x000000001ef90000,0x000000001f090000)]
  0x000000001ad15000 JavaThread "http-nio-8080-exec-3" daemon [_thread_blocked, id=3512, stack(0x000000001ee90000,0x000000001ef90000)]
  0x000000001ad14000 JavaThread "http-nio-8080-exec-2" daemon [_thread_blocked, id=13932, stack(0x000000001ed90000,0x000000001ee90000)]
  0x000000001ad0d800 JavaThread "http-nio-8080-exec-1" daemon [_thread_blocked, id=7068, stack(0x000000001ec90000,0x000000001ed90000)]
  0x000000001ad13800 JavaThread "http-nio-8080-BlockPoller" daemon [_thread_in_native, id=5720, stack(0x000000001eb90000,0x000000001ec90000)]
  0x000000001ad0f800 JavaThread "File Watcher" daemon [_thread_blocked, id=13792, stack(0x000000001e790000,0x000000001e890000)]
  0x000000001ad10800 JavaThread "Live Reload Server" daemon [_thread_in_native, id=4308, stack(0x000000001e890000,0x000000001e990000)]
  0x000000001a64e000 JavaThread "HikariPool-1 housekeeper" daemon [_thread_blocked, id=13636, stack(0x000000001de90000,0x000000001df90000)]
  0x000000001a64e800 JavaThread "mysql-cj-abandoned-connection-cleanup" daemon [_thread_blocked, id=14040, stack(0x000000001c3c0000,0x000000001c4c0000)]
  0x000000001a652800 JavaThread "container-0" [_thread_blocked, id=8296, stack(0x000000001c2c0000,0x000000001c3c0000)]
  0x000000001a650000 JavaThread "Catalina-utility-2" [_thread_blocked, id=12956, stack(0x000000001c1c0000,0x000000001c2c0000)]
  0x000000001a64f800 JavaThread "Catalina-utility-1" [_thread_blocked, id=13692, stack(0x000000001c0c0000,0x000000001c1c0000)]
  0x000000001a651000 JavaThread "JMX server connection timeout 27" daemon [_thread_blocked, id=13444, stack(0x000000001b5c0000,0x000000001b6c0000)]
  0x000000001a651800 JavaThread "RMI TCP Connection(3)-127.0.0.1" daemon [_thread_in_native, id=11280, stack(0x000000001adc0000,0x000000001aec0000)]
  0x0000000018445800 JavaThread "JMX server connection timeout 20" daemon [_thread_blocked, id=5680, stack(0x00000000195b0000,0x00000000196b0000)]
  0x0000000018411800 JavaThread "RMI Scheduler(0)" daemon [_thread_blocked, id=12724, stack(0x00000000193b0000,0x00000000194b0000)]
  0x0000000018401800 JavaThread "RMI TCP Accept-0" daemon [_thread_in_native, id=4172, stack(0x0000000018eb0000,0x0000000018fb0000)]
  0x00000000183bb000 JavaThread "RMI TCP Accept-53122" daemon [_thread_in_native, id=2272, stack(0x0000000018db0000,0x0000000018eb0000)]
  0x00000000183b6000 JavaThread "RMI TCP Accept-0" daemon [_thread_in_native, id=5684, stack(0x0000000018cb0000,0x0000000018db0000)]
  0x0000000018153000 JavaThread "Service Thread" daemon [_thread_blocked, id=13116, stack(0x0000000018bb0000,0x0000000018cb0000)]
  0x00000000180c1000 JavaThread "C1 CompilerThread2" daemon [_thread_blocked, id=3692, stack(0x0000000018ab0000,0x0000000018bb0000)]
  0x00000000180d3800 JavaThread "C2 CompilerThread1" daemon [_thread_blocked, id=12984, stack(0x00000000189b0000,0x0000000018ab0000)]
  0x00000000180d2800 JavaThread "C2 CompilerThread0" daemon [_thread_blocked, id=12808, stack(0x00000000188b0000,0x00000000189b0000)]
  0x000000001603a000 JavaThread "JDWP Command Reader" daemon [_thread_in_native, id=740, stack(0x0000000017bb0000,0x0000000017cb0000)]
  0x000000001602c800 JavaThread "JDWP Event Helper Thread" daemon [_thread_blocked, id=10956, stack(0x0000000017ab0000,0x0000000017bb0000)]
  0x0000000016021800 JavaThread "JDWP Transport Listener: dt_socket" daemon [_thread_blocked, id=9700, stack(0x00000000179b0000,0x0000000017ab0000)]
  0x0000000016020000 JavaThread "Attach Listener" daemon [_thread_blocked, id=10064, stack(0x0000000017570000,0x0000000017670000)]
  0x000000001601f000 JavaThread "Signal Dispatcher" daemon [_thread_blocked, id=5848, stack(0x0000000017470000,0x0000000017570000)]
  0x0000000016000000 JavaThread "Finalizer" daemon [_thread_blocked, id=3456, stack(0x0000000017270000,0x0000000017370000)]
  0x0000000002785000 JavaThread "Reference Handler" daemon [_thread_blocked, id=8120, stack(0x0000000017170000,0x0000000017270000)]

Other Threads:
=>0x0000000015fd7000 VMThread [stack: 0x0000000017070000,0x0000000017170000] [id=14028]
  0x0000000018403000 WatcherThread [stack: 0x0000000018fb0000,0x00000000190b0000] [id=12664]

VM state:at safepoint (normal execution)

VM Mutex/Monitor currently owned by a thread:  ([mutex/lock_event])
[0x00000000026942a0] Threads_lock - owner thread: 0x0000000015fd7000

Heap:
 PSYoungGen      total 349184K, used 162046K [0x00000000e0980000, 0x00000000f7800000, 0x0000000100000000)
  eden space 339968K, 47% used [0x00000000e0980000,0x00000000ea7bf888,0x00000000f5580000)
  from space 9216K, 0% used [0x00000000f6f00000,0x00000000f6f00000,0x00000000f7800000)
  to   space 15872K, 0% used [0x00000000f5900000,0x00000000f5900000,0x00000000f6880000)
 ParOldGen       total 83456K, used 27113K [0x00000000a1c00000, 0x00000000a6d80000, 0x00000000e0980000)
  object space 83456K, 32% used [0x00000000a1c00000,0x00000000a367a628,0x00000000a6d80000)
 Metaspace       used 62911K, capacity 66688K, committed 66944K, reserved 1107968K
  class space    used 8360K, capacity 9010K, committed 9088K, reserved 1048576K

Card table byte_map: [0x0000000011b50000,0x0000000011e50000] byte_map_base: 0x0000000011642000

Marking Bits: (ParMarkBitMap*) 0x000000005d902d00
 Begin Bits: [0x0000000012450000, 0x0000000013be0000)
 End Bits:   [0x0000000013be0000, 0x0000000015370000)

Polling page: 0x0000000000970000

CodeCache: size=245760Kb used=11726Kb max_used=11726Kb free=234033Kb
 bounds [0x0000000002790000, 0x0000000003310000, 0x0000000011790000]
 total_blobs=6191 nmethods=5596 adapters=515
 compilation: enabled

Compilation events (10 events):
Event: 333.348 Thread 0x00000000180c1000 5686       1       sun.rmi.transport.Transport$1::run (30 bytes)
Event: 333.348 Thread 0x00000000180c1000 nmethod 5686 0x00000000032fcf10 code [0x00000000032fd080, 0x00000000032fd238]
Event: 333.349 Thread 0x00000000180c1000 5687       1       sun.rmi.transport.tcp.TCPTransport::checkAcceptPermission (40 bytes)
Event: 333.349 Thread 0x00000000180c1000 nmethod 5687 0x00000000032fd310 code [0x00000000032fd4a0, 0x00000000032fd728]
Event: 333.349 Thread 0x00000000180c1000 5688   !   1       sun.rmi.server.UnicastServerRef::dispatch (457 bytes)
Event: 333.356 Thread 0x00000000180c1000 nmethod 5688 0x00000000032fd8d0 code [0x00000000032fdd20, 0x00000000032ff128]
Event: 333.356 Thread 0x00000000180c1000 5689   !   1       sun.rmi.server.UnicastServerRef::logCall (96 bytes)
Event: 333.360 Thread 0x00000000180c1000 nmethod 5689 0x0000000003301590 code [0x00000000033017e0, 0x0000000003301ea8]
Event: 333.360 Thread 0x00000000180c1000 5690   !   1       sun.rmi.transport.ConnectionInputStream::done (145 bytes)
Event: 333.364 Thread 0x00000000180c1000 nmethod 5690 0x0000000003302790 code [0x0000000003302a00, 0x00000000033038c8]

GC Heap History (10 events):
Event: 7.460 GC heap before
{Heap before GC invocations=11 (full 1):
 PSYoungGen      total 200192K, used 100109K [0x00000000e0980000, 0x00000000f1880000, 0x0000000100000000)
  eden space 191488K, 47% used [0x00000000e0980000,0x00000000e62c5af8,0x00000000ec480000)
  from space 8704K, 99% used [0x00000000ec480000,0x00000000eccfdcb8,0x00000000ecd00000)
  to   space 11264K, 0% used [0x00000000f0d80000,0x00000000f0d80000,0x00000000f1880000)
 ParOldGen       total 37888K, used 9799K [0x00000000a1c00000, 0x00000000a4100000, 0x00000000e0980000)
  object space 37888K, 25% used [0x00000000a1c00000,0x00000000a2591c70,0x00000000a4100000)
 Metaspace       used 33143K, capacity 35346K, committed 35416K, reserved 1079296K
  class space    used 4390K, capacity 4821K, committed 4864K, reserved 1048576K
Event: 7.481 GC heap after
Heap after GC invocations=11 (full 1):
 PSYoungGen      total 265216K, used 9227K [0x00000000e0980000, 0x00000000f2f80000, 0x0000000100000000)
  eden space 253952K, 0% used [0x00000000e0980000,0x00000000e0980000,0x00000000f0180000)
  from space 11264K, 81% used [0x00000000f0d80000,0x00000000f1682c58,0x00000000f1880000)
  to   space 12288K, 0% used [0x00000000f0180000,0x00000000f0180000,0x00000000f0d80000)
 ParOldGen       total 37888K, used 12995K [0x00000000a1c00000, 0x00000000a4100000, 0x00000000e0980000)
  object space 37888K, 34% used [0x00000000a1c00000,0x00000000a28b0cb0,0x00000000a4100000)
 Metaspace       used 33143K, capacity 35346K, committed 35416K, reserved 1079296K
  class space    used 4390K, capacity 4821K, committed 4864K, reserved 1048576K
}
Event: 7.481 GC heap before
{Heap before GC invocations=12 (full 2):
 PSYoungGen      total 265216K, used 9227K [0x00000000e0980000, 0x00000000f2f80000, 0x0000000100000000)
  eden space 253952K, 0% used [0x00000000e0980000,0x00000000e0980000,0x00000000f0180000)
  from space 11264K, 81% used [0x00000000f0d80000,0x00000000f1682c58,0x00000000f1880000)
  to   space 12288K, 0% used [0x00000000f0180000,0x00000000f0180000,0x00000000f0d80000)
 ParOldGen       total 37888K, used 12995K [0x00000000a1c00000, 0x00000000a4100000, 0x00000000e0980000)
  object space 37888K, 34% used [0x00000000a1c00000,0x00000000a28b0cb0,0x00000000a4100000)
 Metaspace       used 33143K, capacity 35346K, committed 35416K, reserved 1079296K
  class space    used 4390K, capacity 4821K, committed 4864K, reserved 1048576K
Event: 7.574 GC heap after
Heap after GC invocations=12 (full 2):
 PSYoungGen      total 265216K, used 0K [0x00000000e0980000, 0x00000000f2f80000, 0x0000000100000000)
  eden space 253952K, 0% used [0x00000000e0980000,0x00000000e0980000,0x00000000f0180000)
  from space 11264K, 0% used [0x00000000f0d80000,0x00000000f0d80000,0x00000000f1880000)
  to   space 12288K, 0% used [0x00000000f0180000,0x00000000f0180000,0x00000000f0d80000)
 ParOldGen       total 59392K, used 16460K [0x00000000a1c00000, 0x00000000a5600000, 0x00000000e0980000)
  object space 59392K, 27% used [0x00000000a1c00000,0x00000000a2c133b8,0x00000000a5600000)
 Metaspace       used 33143K, capacity 35346K, committed 35416K, reserved 1079296K
  class space    used 4390K, capacity 4821K, committed 4864K, reserved 1048576K
}
Event: 10.058 GC heap before
{Heap before GC invocations=13 (full 2):
 PSYoungGen      total 265216K, used 253952K [0x00000000e0980000, 0x00000000f2f80000, 0x0000000100000000)
  eden space 253952K, 100% used [0x00000000e0980000,0x00000000f0180000,0x00000000f0180000)
  from space 11264K, 0% used [0x00000000f0d80000,0x00000000f0d80000,0x00000000f1880000)
  to   space 12288K, 0% used [0x00000000f0180000,0x00000000f0180000,0x00000000f0d80000)
 ParOldGen       total 59392K, used 16460K [0x00000000a1c00000, 0x00000000a5600000, 0x00000000e0980000)
  object space 59392K, 27% used [0x00000000a1c00000,0x00000000a2c133b8,0x00000000a5600000)
 Metaspace       used 47840K, capacity 50658K, committed 50944K, reserved 1093632K
  class space    used 6609K, capacity 7135K, committed 7168K, reserved 1048576K
Event: 10.085 GC heap after
Heap after GC invocations=13 (full 2):
 PSYoungGen      total 266240K, used 12272K [0x00000000e0980000, 0x00000000f7f00000, 0x0000000100000000)
  eden space 253952K, 0% used [0x00000000e0980000,0x00000000e0980000,0x00000000f0180000)
  from space 12288K, 99% used [0x00000000f0180000,0x00000000f0d7c278,0x00000000f0d80000)
  to   space 16384K, 0% used [0x00000000f6f00000,0x00000000f6f00000,0x00000000f7f00000)
 ParOldGen       total 59392K, used 22877K [0x00000000a1c00000, 0x00000000a5600000, 0x00000000e0980000)
  object space 59392K, 38% used [0x00000000a1c00000,0x00000000a3257450,0x00000000a5600000)
 Metaspace       used 47840K, capacity 50658K, committed 50944K, reserved 1093632K
  class space    used 6609K, capacity 7135K, committed 7168K, reserved 1048576K
}
Event: 22.668 GC heap before
{Heap before GC invocations=14 (full 2):
 PSYoungGen      total 266240K, used 159590K [0x00000000e0980000, 0x00000000f7f00000, 0x0000000100000000)
  eden space 253952K, 58% used [0x00000000e0980000,0x00000000e995d698,0x00000000f0180000)
  from space 12288K, 99% used [0x00000000f0180000,0x00000000f0d7c278,0x00000000f0d80000)
  to   space 16384K, 0% used [0x00000000f6f00000,0x00000000f6f00000,0x00000000f7f00000)
 ParOldGen       total 59392K, used 22877K [0x00000000a1c00000, 0x00000000a5600000, 0x00000000e0980000)
  object space 59392K, 38% used [0x00000000a1c00000,0x00000000a3257450,0x00000000a5600000)
 Metaspace       used 55282K, capacity 58990K, committed 59008K, reserved 1099776K
  class space    used 7651K, capacity 8312K, committed 8320K, reserved 1048576K
Event: 22.695 GC heap after
Heap after GC invocations=14 (full 2):
 PSYoungGen      total 349184K, used 8899K [0x00000000e0980000, 0x00000000f7800000, 0x0000000100000000)
  eden space 339968K, 0% used [0x00000000e0980000,0x00000000e0980000,0x00000000f5580000)
  from space 9216K, 96% used [0x00000000f6f00000,0x00000000f77b0c08,0x00000000f7800000)
  to   space 15872K, 0% used [0x00000000f5900000,0x00000000f5900000,0x00000000f6880000)
 ParOldGen       total 59392K, used 29915K [0x00000000a1c00000, 0x00000000a5600000, 0x00000000e0980000)
  object space 59392K, 50% used [0x00000000a1c00000,0x00000000a3936c70,0x00000000a5600000)
 Metaspace       used 55282K, capacity 58990K, committed 59008K, reserved 1099776K
  class space    used 7651K, capacity 8312K, committed 8320K, reserved 1048576K
}
Event: 22.695 GC heap before
{Heap before GC invocations=15 (full 3):
 PSYoungGen      total 349184K, used 8899K [0x00000000e0980000, 0x00000000f7800000, 0x0000000100000000)
  eden space 339968K, 0% used [0x00000000e0980000,0x00000000e0980000,0x00000000f5580000)
  from space 9216K, 96% used [0x00000000f6f00000,0x00000000f77b0c08,0x00000000f7800000)
  to   space 15872K, 0% used [0x00000000f5900000,0x00000000f5900000,0x00000000f6880000)
 ParOldGen       total 59392K, used 29915K [0x00000000a1c00000, 0x00000000a5600000, 0x00000000e0980000)
  object space 59392K, 50% used [0x00000000a1c00000,0x00000000a3936c70,0x00000000a5600000)
 Metaspace       used 55282K, capacity 58990K, committed 59008K, reserved 1099776K
  class space    used 7651K, capacity 8312K, committed 8320K, reserved 1048576K
Event: 22.963 GC heap after
Heap after GC invocations=15 (full 3):
 PSYoungGen      total 349184K, used 0K [0x00000000e0980000, 0x00000000f7800000, 0x0000000100000000)
  eden space 339968K, 0% used [0x00000000e0980000,0x00000000e0980000,0x00000000f5580000)
  from space 9216K, 0% used [0x00000000f6f00000,0x00000000f6f00000,0x00000000f7800000)
  to   space 15872K, 0% used [0x00000000f5900000,0x00000000f5900000,0x00000000f6880000)
 ParOldGen       total 83456K, used 27113K [0x00000000a1c00000, 0x00000000a6d80000, 0x00000000e0980000)
  object space 83456K, 32% used [0x00000000a1c00000,0x00000000a367a628,0x00000000a6d80000)
 Metaspace       used 55282K, capacity 58990K, committed 59008K, reserved 1099776K
  class space    used 7651K, capacity 8312K, committed 8320K, reserved 1048576K
}

Deoptimization events (0 events):
No events

Classes redefined (0 events):
No events

Internal exceptions (10 events):
Event: 23.731 Thread 0x000000001ad14000 Exception <a 'java/lang/NoSuchMethodError': java.lang.Object.lambda$builder$1(Ljava/lang/String;)Lio/micrometer/core/instrument/Timer$Builder;> (0x00000000e5b29090) thrown at [C:\re\workspace\8-2-build-windows-amd64-cygwin\jdk8u181\11358\hotspot\src\share
Event: 29.467 Thread 0x000000001ad0d800 Exception <a 'java/lang/ArrayIndexOutOfBoundsException'> (0x00000000e5fca8a0) thrown at [C:\re\workspace\8-2-build-windows-amd64-cygwin\jdk8u181\11358\hotspot\src\share\vm\runtime\sharedRuntime.cpp, line 605]
Event: 29.798 Thread 0x000000001ad0d800 Exception <a 'java/lang/NoSuchMethodError': java.lang.Object.lambda$static$0(Lorg/hibernate/type/EntityType;Ljava/lang/Object;Lorg/hibernate/engine/spi/SharedSessionContractImplementor;Ljava/lang/Object;Ljava/lang/Boolean;)Ljava/lang/Object;> (0x00000000e
Event: 29.850 Thread 0x000000001ad0d800 Exception <a 'java/lang/ArrayIndexOutOfBoundsException'> (0x00000000e7b62f38) thrown at [C:\re\workspace\8-2-build-windows-amd64-cygwin\jdk8u181\11358\hotspot\src\share\vm\runtime\sharedRuntime.cpp, line 605]
Event: 30.028 Thread 0x000000001ad0d800 Exception <a 'java/lang/ClassNotFoundException': com/ray/bootweb/bean/UserBeanInfo> (0x00000000e81ee888) thrown at [C:\re\workspace\8-2-build-windows-amd64-cygwin\jdk8u181\11358\hotspot\src\share\vm\classfile\systemDictionary.cpp, line 210]
Event: 30.030 Thread 0x000000001ad0d800 Exception <a 'java/lang/ClassNotFoundException': java/lang/ObjectBeanInfo> (0x00000000e81f8348) thrown at [C:\re\workspace\8-2-build-windows-amd64-cygwin\jdk8u181\11358\hotspot\src\share\vm\classfile\systemDictionary.cpp, line 210]
Event: 30.033 Thread 0x000000001ad0d800 Exception <a 'java/lang/ClassNotFoundException': java/lang/ObjectCustomizer> (0x00000000e8201e50) thrown at [C:\re\workspace\8-2-build-windows-amd64-cygwin\jdk8u181\11358\hotspot\src\share\vm\classfile\systemDictionary.cpp, line 210]
Event: 30.033 Thread 0x000000001ad0d800 Exception <a 'java/lang/ArrayIndexOutOfBoundsException'> (0x00000000e8205198) thrown at [C:\re\workspace\8-2-build-windows-amd64-cygwin\jdk8u181\11358\hotspot\src\share\vm\runtime\sharedRuntime.cpp, line 605]
Event: 30.036 Thread 0x000000001ad0d800 Exception <a 'java/lang/ClassNotFoundException': com/ray/bootweb/bean/UserCustomizer> (0x00000000e821ae40) thrown at [C:\re\workspace\8-2-build-windows-amd64-cygwin\jdk8u181\11358\hotspot\src\share\vm\classfile\systemDictionary.cpp, line 210]
Event: 42.976 Thread 0x000000001ad0e000 Exception <a 'java/lang/ArrayIndexOutOfBoundsException'> (0x00000000e86c9328) thrown at [C:\re\workspace\8-2-build-windows-amd64-cygwin\jdk8u181\11358\hotspot\src\share\vm\runtime\sharedRuntime.cpp, line 605]

Events (10 events):
Event: 80.849 Executing VM operation: RevokeBias
Event: 80.850 Executing VM operation: RevokeBias done
Event: 91.525 Thread 0x0000000018408000 Thread exited: 0x0000000018408000
Event: 91.547 Thread 0x000000001840d000 Thread exited: 0x000000001840d000
Event: 159.457 Executing VM operation: ChangeBreakpoints
Event: 159.459 Executing VM operation: ChangeBreakpoints done
Event: 207.592 Thread 0x00000000180c1000 flushing nmethod 0x00000000029e7d10
Event: 207.592 Thread 0x00000000180c1000 flushing nmethod 0x00000000029eb450
Event: 220.205 Thread 0x00000000180c1000 flushing nmethod 0x000000000314bfd0
Event: 334.116 Executing VM operation: RedefineClasses


Dynamic libraries:
0x00007ff72b2a0000 - 0x00007ff72b2d7000 	C:\Program Files\Java\jdk1.8.0_181\bin\javaw.exe
0x00007ff822d60000 - 0x00007ff822f50000 	C:\WINDOWS\SYSTEM32\ntdll.dll
0x00007ff822970000 - 0x00007ff822a22000 	C:\WINDOWS\System32\KERNEL32.DLL
0x00007ff81fe80000 - 0x00007ff820124000 	C:\WINDOWS\System32\KERNELBASE.dll
0x00007ff8227b0000 - 0x00007ff822853000 	C:\WINDOWS\System32\ADVAPI32.dll
0x00007ff822360000 - 0x00007ff8223fe000 	C:\WINDOWS\System32\msvcrt.dll
0x00007ff8221a0000 - 0x00007ff822237000 	C:\WINDOWS\System32\sechost.dll
0x00007ff822240000 - 0x00007ff822360000 	C:\WINDOWS\System32\RPCRT4.dll
0x00007ff822b20000 - 0x00007ff822cb5000 	C:\WINDOWS\System32\USER32.dll
0x00007ff8202c0000 - 0x00007ff8202e1000 	C:\WINDOWS\System32\win32u.dll
0x00007ff822860000 - 0x00007ff822886000 	C:\WINDOWS\System32\GDI32.dll
0x00007ff820c70000 - 0x00007ff820e06000 	C:\WINDOWS\System32\gdi32full.dll
0x00007ff820bd0000 - 0x00007ff820c6e000 	C:\WINDOWS\System32\msvcp_win.dll
0x00007ff820130000 - 0x00007ff82022a000 	C:\WINDOWS\System32\ucrtbase.dll
0x00007ff813ee0000 - 0x00007ff814164000 	C:\WINDOWS\WinSxS\amd64_microsoft.windows.common-controls_6595b64144ccf1df_6.0.18362.1016_none_9e7a36bbe461dae4\COMCTL32.dll
0x00007ff821b30000 - 0x00007ff821e65000 	C:\WINDOWS\System32\combase.dll
0x00007ff820b50000 - 0x00007ff820bd0000 	C:\WINDOWS\System32\bcryptPrimitives.dll
0x00007ff822940000 - 0x00007ff82296e000 	C:\WINDOWS\System32\IMM32.DLL
0x000000005cd00000 - 0x000000005cdd2000 	C:\Program Files\Java\jdk1.8.0_181\jre\bin\msvcr100.dll
0x000000005d0e0000 - 0x000000005d982000 	C:\Program Files\Java\jdk1.8.0_181\jre\bin\server\jvm.dll
0x00007ff821f70000 - 0x00007ff821f78000 	C:\WINDOWS\System32\PSAPI.DLL
0x00007ffffdf00000 - 0x00007ffffdf09000 	C:\WINDOWS\SYSTEM32\WSOCK32.dll
0x00007ff822a30000 - 0x00007ff822a9f000 	C:\WINDOWS\System32\WS2_32.dll
0x00007ff81d710000 - 0x00007ff81d734000 	C:\WINDOWS\SYSTEM32\WINMM.dll
0x00007ff818240000 - 0x00007ff81824a000 	C:\WINDOWS\SYSTEM32\VERSION.dll
0x00007ff81d6e0000 - 0x00007ff81d70d000 	C:\WINDOWS\SYSTEM32\winmmbase.dll
0x00007ff81fce0000 - 0x00007ff81fd2a000 	C:\WINDOWS\System32\cfgmgr32.dll
0x000000005cff0000 - 0x000000005cfff000 	C:\Program Files\Java\jdk1.8.0_181\jre\bin\verify.dll
0x000000005cfc0000 - 0x000000005cfe9000 	C:\Program Files\Java\jdk1.8.0_181\jre\bin\java.dll
0x000000005ceb0000 - 0x000000005cee5000 	C:\Program Files\Java\jdk1.8.0_181\jre\bin\jdwp.dll
0x000000005cf10000 - 0x000000005cf18000 	C:\Program Files\Java\jdk1.8.0_181\jre\bin\npt.dll
0x000000005cf90000 - 0x000000005cfb3000 	C:\Program Files\Java\jdk1.8.0_181\jre\bin\instrument.dll
0x000000005cf70000 - 0x000000005cf86000 	C:\Program Files\Java\jdk1.8.0_181\jre\bin\zip.dll
0x00007ff821440000 - 0x00007ff821b27000 	C:\WINDOWS\System32\SHELL32.dll
0x00007ff822400000 - 0x00007ff8224a9000 	C:\WINDOWS\System32\shcore.dll
0x00007ff8202f0000 - 0x00007ff820a72000 	C:\WINDOWS\System32\windows.storage.dll
0x00007ff81fc90000 - 0x00007ff81fcb3000 	C:\WINDOWS\System32\profapi.dll
0x00007ff81fc20000 - 0x00007ff81fc6a000 	C:\WINDOWS\System32\powrprof.dll
0x00007ff81fc10000 - 0x00007ff81fc20000 	C:\WINDOWS\System32\UMPDC.dll
0x00007ff822cc0000 - 0x00007ff822d12000 	C:\WINDOWS\System32\shlwapi.dll
0x00007ff81fc70000 - 0x00007ff81fc81000 	C:\WINDOWS\System32\kernel.appcore.dll
0x00007ff820b30000 - 0x00007ff820b47000 	C:\WINDOWS\System32\cryptsp.dll
0x000000005cf00000 - 0x000000005cf09000 	C:\Program Files\Java\jdk1.8.0_181\jre\bin\dt_socket.dll
0x00007ff80c8b0000 - 0x00007ff80c8c6000 	C:\WINDOWS\system32\napinsp.dll
0x00007ff80b790000 - 0x00007ff80b7aa000 	C:\WINDOWS\system32\pnrpnsp.dll
0x00007ff81f410000 - 0x00007ff81f477000 	C:\WINDOWS\System32\mswsock.dll
0x00007ff81f160000 - 0x00007ff81f22b000 	C:\WINDOWS\SYSTEM32\DNSAPI.dll
0x00007ff821e70000 - 0x00007ff821e78000 	C:\WINDOWS\System32\NSI.dll
0x00007ff81f120000 - 0x00007ff81f15a000 	C:\WINDOWS\SYSTEM32\IPHLPAPI.DLL
0x00007ff80ffb0000 - 0x00007ff80ffbe000 	C:\WINDOWS\System32\winrnr.dll
0x00007ff81c420000 - 0x00007ff81c43c000 	C:\WINDOWS\system32\NLAapi.dll
0x00007ff81a860000 - 0x00007ff81a875000 	C:\WINDOWS\system32\wshbth.dll
0x00007ff817e20000 - 0x00007ff817e97000 	C:\WINDOWS\System32\fwpuclnt.dll
0x00007ff820230000 - 0x00007ff820256000 	C:\WINDOWS\System32\bcrypt.dll
0x00007ff8148c0000 - 0x00007ff8148ca000 	C:\Windows\System32\rasadhlp.dll
0x000000005ce10000 - 0x000000005ce1d000 	C:\Program Files\Java\jdk1.8.0_181\jre\bin\management.dll
0x000000005cf50000 - 0x000000005cf6a000 	C:\Program Files\Java\jdk1.8.0_181\jre\bin\net.dll
0x000000005cf30000 - 0x000000005cf41000 	C:\Program Files\Java\jdk1.8.0_181\jre\bin\nio.dll
0x00007ff81ef80000 - 0x00007ff81efb3000 	C:\WINDOWS\system32\rsaenh.dll
0x00007ff81fb30000 - 0x00007ff81fb55000 	C:\WINDOWS\SYSTEM32\USERENV.dll
0x00007ff81f5e0000 - 0x00007ff81f5ec000 	C:\WINDOWS\SYSTEM32\CRYPTBASE.dll
0x00007ff8183d0000 - 0x00007ff8183e6000 	C:\WINDOWS\SYSTEM32\dhcpcsvc6.DLL
0x00007ff8186a0000 - 0x00007ff8186bc000 	C:\WINDOWS\SYSTEM32\dhcpcsvc.DLL
0x00007ff811830000 - 0x00007ff811a24000 	C:\WINDOWS\SYSTEM32\dbghelp.dll

VM Arguments:
jvm_args: -agentlib:jdwp=transport=dt_socket,suspend=y,address=localhost:53123 -Dcom.sun.management.jmxremote -Dcom.sun.management.jmxremote.port=53122 -Dcom.sun.management.jmxremote.authenticate=false -Dcom.sun.management.jmxremote.ssl=false -Djava.rmi.server.hostname=localhost -Dspring.jmx.enabled=true -Dspring.application.admin.enabled=true -Xverify:none -XX:TieredStopAtLevel=1 -Dspring.boot.project.name=bootwebmvc -javaagent:G:\sts-bundle\sts-4.7.1.RELEASE\configuration\org.eclipse.osgi\248\0\.cp\lib\javaagent-shaded.jar -Dfile.encoding=UTF-8 
java_command: com.ray.bootweb.BootwebmvcApplication --spring.output.ansi.enabled=always
java_class_path (initial): G:\new-ws\bootwebmvc\target\classes;C:\Users\rakesh\.m2\repository\org\springframework\boot\spring-boot-starter-actuator\2.3.3.RELEASE\spring-boot-starter-actuator-2.3.3.RELEASE.jar;C:\Users\rakesh\.m2\repository\org\springframework\boot\spring-boot-starter\2.3.3.RELEASE\spring-boot-starter-2.3.3.RELEASE.jar;C:\Users\rakesh\.m2\repository\org\springframework\boot\spring-boot-starter-logging\2.3.3.RELEASE\spring-boot-starter-logging-2.3.3.RELEASE.jar;C:\Users\rakesh\.m2\repository\ch\qos\logback\logback-classic\1.2.3\logback-classic-1.2.3.jar;C:\Users\rakesh\.m2\repository\ch\qos\logback\logback-core\1.2.3\logback-core-1.2.3.jar;C:\Users\rakesh\.m2\repository\org\apache\logging\log4j\log4j-to-slf4j\2.13.3\log4j-to-slf4j-2.13.3.jar;C:\Users\rakesh\.m2\repository\org\apache\logging\log4j\log4j-api\2.13.3\log4j-api-2.13.3.jar;C:\Users\rakesh\.m2\repository\org\slf4j\jul-to-slf4j\1.7.30\jul-to-slf4j-1.7.30.jar;C:\Users\rakesh\.m2\repository\jakarta\annotation\jakarta.annotation-api\1.3.5\jakarta.annotation-api-1.3.5.jar;C:\Users\rakesh\.m2\repository\org\yaml\snakeyaml\1.26\snakeyaml-1.26.jar;C:\Users\rakesh\.m2\repository\org\springframework\boot\spring-boot-actuator-autoconfigure\2.3.3.RELEASE\spring-boot-actuator-autoconfigure-2.3.3.RELEASE.jar;C:\Users\rakesh\.m2\repository\org\springframework\boot\spring-boot-actuator\2.3.3.RELEASE\spring-boot-actuator-2.3.3.RELEASE.jar;C:\Users\rakesh\.m2\repository\com\fasterxml\jackson\core\jackson-databind\2.11.2\jackson-databind-2.11.2.jar;C:\Users\rakesh\.m2\repository\com\fasterxml\jackson\core\jackson-annotations\2.11.2\jackson-annotations-2.11.2.jar;C:\Users\rakesh\.m2\repository\com\fasterxml\jackson\core\jackson-core\2.11.2\jackson-core-2.11.2.jar;C:\Users\rakesh\.m2\repository\com\fasterxml\jackson\datatype\jackson-datatype-jsr310\2.11.2\jackson-datatype-jsr310-2.11.2.jar;C:\Users\rakesh\.m2\repository\io\micrometer\micrometer-core\1.5.4\micrometer-core-1.5.4.jar;C:\Users\rakesh\.m2\repositor
Launcher Type: SUN_STANDARD

Environment Variables:
JAVA_HOME=C:\Program Files\Java
PATH=C:\Program Files\Java\jdk1.8.0_181\jre\bin;C:/Program Files/Java/jdk1.8.0_181/bin/../jre/bin/server;C:/Program Files/Java/jdk1.8.0_181/bin/../jre/bin;C:/Program Files/Java/jdk1.8.0_181/bin/../jre/lib/amd64;C:\Program Files\Java\jdk1.8.0_181\bin;C:\ProgramData\Oracle\Java\javapath;C:\Program Files (x86)\Common Files\Oracle\Java\javapath;C:\WINDOWS\system32;C:\WINDOWS;C:\WINDOWS\System32\Wbem;C:\WINDOWS\System32\WindowsPowerShell\v1.0\;C:\WINDOWS\System32\OpenSSH\;C:\Program Files (x86)\Brackets\command;C:\Users\rakesh\AppData\Local\Programs\Python\Python38-32\Scripts\;C:\Users\rakesh\AppData\Local\Programs\Python\Python38-32\;C:\Users\rakesh\AppData\Local\Microsoft\WindowsApps;;G:\sts-bundle\sts-4.7.1.RELEASE;
USERNAME=rakesh
OS=Windows_NT
PROCESSOR_IDENTIFIER=Intel64 Family 6 Model 42 Stepping 7, GenuineIntel



---------------  S Y S T E M  ---------------

OS: Windows 10.0 , 64 bit Build 18362 (10.0.18362.959)

CPU:total 4 (initial active 4) (2 cores per cpu, 2 threads per core) family 6 model 42 stepping 7, cmov, cx8, fxsr, mmx, sse, sse2, sse3, ssse3, sse4.1, sse4.2, popcnt, avx, clmul, ht, tsc, tscinvbit

Memory: 4k page, physical 6176028k(1176208k free), swap 10108188k(2540780k free)

vm_info: Java HotSpot(TM) 64-Bit Server VM (25.181-b13) for windows-amd64 JRE (1.8.0_181-b13), built on Jul  7 2018 04:01:33 by "java_re" with MS VC++ 10.0 (VS2010)

time: Tue Sep 08 16:45:14 2020
elapsed time: 334 seconds (0d 0h 5m 34s)

